<?xml version="1.0" encoding="UTF-8"?>
<!-- Generated by org.testng.reporters.JUnitReportReporter -->
<testsuite hostname="CMODESITT-2.local" name="tests.TakeActionStatusFunctionality" tests="1" failures="0" timestamp="11 Jan 2016 17:15:13 GMT" time="113.198" errors="0">
  <testcase name="testTakeActionStatusFunctionality" time="113.198" classname="tests.TakeActionStatusFunctionality"/>
</testsuite> <!-- tests.TakeActionStatusFunctionality -->
