<?xml version="1.0" encoding="UTF-8"?>
<!-- Generated by org.testng.reporters.JUnitReportReporter -->
<testsuite hostname="CMODESITT-2.local" name="tests.TakeActionStatusFunctionality" tests="1" failures="0" timestamp="6 Jan 2016 23:29:40 GMT" time="102.192" errors="0">
  <testcase name="testTakeActionStatusFunctionality" time="102.192" classname="tests.TakeActionStatusFunctionality"/>
</testsuite> <!-- tests.TakeActionStatusFunctionality -->
