<?xml version="1.0" encoding="UTF-8"?>
<!-- Generated by org.testng.reporters.JUnitReportReporter -->
<testsuite hostname="CMODESITT-2.local" name="tests.PopDialogTest" tests="1" failures="0" timestamp="16 Dec 2015 17:45:07 GMT" time="10.912" errors="0">
  <testcase name="testMyFirstWebDriver" time="10.912" classname="tests.PopDialogTest"/>
</testsuite> <!-- tests.PopDialogTest -->
