<?xml version="1.0" encoding="UTF-8"?>
<!-- Generated by org.testng.reporters.JUnitReportReporter -->
<testsuite hostname="CMODESITT-2.local" name="tests.ActionPendingQueueFlow" tests="1" failures="0" timestamp="11 Jan 2016 17:15:13 GMT" time="104.851" errors="0">
  <testcase name="testActionPendingQueueFlow" time="104.851" classname="tests.ActionPendingQueueFlow"/>
</testsuite> <!-- tests.ActionPendingQueueFlow -->
