<?xml version="1.0" encoding="UTF-8"?>
<!-- Generated by org.testng.reporters.JUnitReportReporter -->
<testsuite hostname="CMODESITT-2.local" name="tests.MyTestNGTest" tests="1" failures="0" timestamp="16 Dec 2015 17:45:07 GMT" time="12.461" errors="0">
  <testcase name="testMyFirstWebDriver" time="12.461" classname="tests.MyTestNGTest"/>
</testsuite> <!-- tests.MyTestNGTest -->
