<?xml version="1.0" encoding="UTF-8"?>
<!-- Generated by org.testng.reporters.JUnitReportReporter -->
<testsuite hostname="CMODESITT-2.local" name="tests.VerificationPointTest" tests="1" failures="0" timestamp="16 Dec 2015 17:45:07 GMT" time="11.475" errors="0">
  <testcase name="testHelloUsername" time="11.475" classname="tests.VerificationPointTest"/>
</testsuite> <!-- tests.VerificationPointTest -->
